<?xml version="1.0" encoding="UTF-8"?>
<!-- Generated by org.testng.reporters.JUnitReportReporter -->
<testsuite skipped="0" hostname="PIS076" name="Exception.Setuptab" tests="7" failures="0" timestamp="2020-12-26T16:03:36 IST" time="366.358" errors="0">
  <testcase name="LoginTest" time="7.307" classname="Exception.Setuptab"/>
  <system-out/>
  <testcase name="verifyImages" time="2.220" classname="Exception.Setuptab"/>
  <system-out/>
  <testcase name="add_user" time="89.735" classname="Exception.Setuptab"/>
  <system-out/>
  <testcase name="reason_for_adjust" time="62.278" classname="Exception.Setuptab"/>
  <system-out/>
  <testcase name="ship_mode" time="69.459" classname="Exception.Setuptab"/>
  <system-out/>
  <testcase name="setup1" time="132.813" classname="Exception.Setuptab"/>
  <system-out/>
  <testcase name="out" time="2.546" classname="Exception.Setuptab"/>
  <system-out/>
</testsuite> <!-- Exception.Setuptab -->
