<?xml version="1.0" encoding="UTF-8"?>
<!-- Generated by org.testng.reporters.JUnitReportReporter -->
<testsuite hostname="PIS076" name="Execution.TestCases" tests="2" failures="0" timestamp="6 Aug 2020 21:16:39 GMT" time="44.885" errors="0">
  <testcase name="verifylinks" time="23.595" classname="Execution.TestCases"/>
  <testcase name="verifyContact" time="21.290" classname="Execution.TestCases"/>
</testsuite> <!-- Execution.TestCases -->
