<?xml version="1.0" encoding="UTF-8"?>
<!-- Generated by org.testng.reporters.JUnitReportReporter -->
<testsuite hostname="PIS076" name="Execution.TestCases" tests="1" failures="0" timestamp="5 Aug 2020 09:54:50 GMT" time="247.306" errors="0">
  <testcase name="verifylinks" time="247.306" classname="Execution.TestCases"/>
</testsuite> <!-- Execution.TestCases -->
